[2026-06-02 09:34:38] watcher started
[2026-06-02 09:39:52] watcher started
[2026-06-02 09:40:10] watcher started
[2026-06-02 09:42:09] watcher started
[2026-06-02 09:42:11] change detected: C:\Users\Stefano\Desktop\acquedotto attuale\autosave_runtime.log
[2026-06-02 09:42:11] change detected: C:\Users\Stefano\Desktop\acquedotto attuale\autosave_runtime.log
[2026-06-02 09:42:11] change detected: C:\Users\Stefano\Desktop\acquedotto attuale\autosave_runtime.log
[2026-06-02 09:42:11] change detected: C:\Users\Stefano\Desktop\acquedotto attuale\autosave_runtime.log
[2026-06-02 09:42:13] change detected: C:\Users\Stefano\Desktop\acquedotto attuale\autosave_runtime.log
[2026-06-02 09:42:13] change detected: C:\Users\Stefano\Desktop\acquedotto attuale\autosave_runtime.log
[2026-06-02 09:42:13] change detected: C:\Users\Stefano\Desktop\acquedotto attuale\autosave_runtime.log
[2026-06-02 09:42:13] change detected: C:\Users\Stefano\Desktop\acquedotto attuale\autosave_runtime.log
[2026-06-02 09:42:15] change detected: C:\Users\Stefano\Desktop\acquedotto attuale\autosave_runtime.log
[2026-06-02 09:42:15] change detected: C:\Users\Stefano\Desktop\acquedotto attuale\autosave_runtime.log
[2026-06-02 09:42:15] change detected: C:\Users\Stefano\Desktop\acquedotto attuale\autosave_runtime.log
[2026-06-02 09:42:15] change detected: C:\Users\Stefano\Desktop\acquedotto attuale\autosave_runtime.log
[2026-06-02 09:42:17] change detected: C:\Users\Stefano\Desktop\acquedotto attuale\autosave_runtime.log
[2026-06-02 09:42:17] change detected: C:\Users\Stefano\Desktop\acquedotto attuale\autosave_runtime.log
[2026-06-02 09:42:17] change detected: C:\Users\Stefano\Desktop\acquedotto attuale\autosave_runtime.log
[2026-06-02 09:42:17] change detected: C:\Users\Stefano\Desktop\acquedotto attuale\autosave_runtime.log
[2026-06-02 09:42:19] change detected: C:\Users\Stefano\Desktop\acquedotto attuale\autosave_runtime.log
[2026-06-02 09:42:19] change detected: C:\Users\Stefano\Desktop\acquedotto attuale\autosave_runtime.log
[2026-06-02 09:42:19] change detected: C:\Users\Stefano\Desktop\acquedotto attuale\autosave_runtime.log
[2026-06-02 09:42:19] change detected: C:\Users\Stefano\Desktop\acquedotto attuale\autosave_runtime.log
[2026-06-02 09:42:21] change detected: C:\Users\Stefano\Desktop\acquedotto attuale\autosave_runtime.log
[2026-06-02 09:42:21] change detected: C:\Users\Stefano\Desktop\acquedotto attuale\autosave_runtime.log
[2026-06-02 09:42:21] change detected: C:\Users\Stefano\Desktop\acquedotto attuale\autosave_runtime.log
[2026-06-02 09:42:21] change detected: C:\Users\Stefano\Desktop\acquedotto attuale\autosave_runtime.log
[2026-06-02 09:42:23] change detected: C:\Users\Stefano\Desktop\acquedotto attuale\autosave_runtime.log
[2026-06-02 09:42:23] change detected: C:\Users\Stefano\Desktop\acquedotto attuale\autosave_runtime.log
[2026-06-02 09:42:23] change detected: C:\Users\Stefano\Desktop\acquedotto attuale\autosave_runtime.log
[2026-06-02 09:42:23] change detected: C:\Users\Stefano\Desktop\acquedotto attuale\autosave_runtime.log
[2026-06-02 09:42:25] change detected: C:\Users\Stefano\Desktop\acquedotto attuale\autosave_runtime.log
[2026-06-02 09:42:25] change detected: C:\Users\Stefano\Desktop\acquedotto attuale\autosave_runtime.log
[2026-06-02 09:42:25] change detected: C:\Users\Stefano\Desktop\acquedotto attuale\autosave_runtime.log
[2026-06-02 09:42:25] change detected: C:\Users\Stefano\Desktop\acquedotto attuale\autosave_runtime.log
[2026-06-02 09:42:27] change detected: C:\Users\Stefano\Desktop\acquedotto attuale\autosave_runtime.log
[2026-06-02 09:42:27] change detected: C:\Users\Stefano\Desktop\acquedotto attuale\autosave_runtime.log
[2026-06-02 09:42:27] change detected: C:\Users\Stefano\Desktop\acquedotto attuale\autosave_runtime.log
[2026-06-02 09:42:27] change detected: C:\Users\Stefano\Desktop\acquedotto attuale\autosave_runtime.log
[2026-06-02 09:42:29] change detected: C:\Users\Stefano\Desktop\acquedotto attuale\autosave_runtime.log
[2026-06-02 09:42:29] change detected: C:\Users\Stefano\Desktop\acquedotto attuale\autosave_runtime.log
[2026-06-02 09:42:29] change detected: C:\Users\Stefano\Desktop\acquedotto attuale\autosave_runtime.log
[2026-06-02 09:42:29] change detected: C:\Users\Stefano\Desktop\acquedotto attuale\autosave_runtime.log
[2026-06-02 09:42:31] change detected: C:\Users\Stefano\Desktop\acquedotto attuale\autosave_runtime.log
[2026-06-02 09:42:31] change detected: C:\Users\Stefano\Desktop\acquedotto attuale\autosave_runtime.log
[2026-06-02 09:42:31] change detected: C:\Users\Stefano\Desktop\acquedotto attuale\autosave_runtime.log
[2026-06-02 09:42:31] change detected: C:\Users\Stefano\Desktop\acquedotto attuale\autosave_runtime.log
[2026-06-02 09:42:33] change detected: C:\Users\Stefano\Desktop\acquedotto attuale\autosave_runtime.log
[2026-06-02 09:42:33] change detected: C:\Users\Stefano\Desktop\acquedotto attuale\autosave_runtime.log
[2026-06-02 09:42:33] change detected: C:\Users\Stefano\Desktop\acquedotto attuale\autosave_runtime.log
[2026-06-02 09:42:33] change detected: C:\Users\Stefano\Desktop\acquedotto attuale\autosave_runtime.log
[2026-06-02 09:42:35] change detected: C:\Users\Stefano\Desktop\acquedotto attuale\autosave_runtime.log
[2026-06-02 09:42:35] change detected: C:\Users\Stefano\Desktop\acquedotto attuale\autosave_runtime.log
[2026-06-02 09:42:35] change detected: C:\Users\Stefano\Desktop\acquedotto attuale\autosave_runtime.log
[2026-06-02 09:42:35] change detected: C:\Users\Stefano\Desktop\acquedotto attuale\autosave_runtime.log
[2026-06-02 09:42:38] change detected: C:\Users\Stefano\Desktop\acquedotto attuale\autosave_runtime.log
[2026-06-02 09:42:38] change detected: C:\Users\Stefano\Desktop\acquedotto attuale\autosave_runtime.log
[2026-06-02 09:42:38] change detected: C:\Users\Stefano\Desktop\acquedotto attuale\autosave_runtime.log
[2026-06-02 09:42:38] change detected: C:\Users\Stefano\Desktop\acquedotto attuale\autosave_runtime.log
[2026-06-02 09:42:40] change detected: C:\Users\Stefano\Desktop\acquedotto attuale\autosave_runtime.log
[2026-06-02 09:42:40] change detected: C:\Users\Stefano\Desktop\acquedotto attuale\autosave_runtime.log
[2026-06-02 09:42:40] change detected: C:\Users\Stefano\Desktop\acquedotto attuale\autosave_runtime.log
[2026-06-02 09:42:40] change detected: C:\Users\Stefano\Desktop\acquedotto attuale\autosave_runtime.log
[2026-06-02 09:42:42] change detected: C:\Users\Stefano\Desktop\acquedotto attuale\autosave_runtime.log
[2026-06-02 09:42:42] change detected: C:\Users\Stefano\Desktop\acquedotto attuale\autosave_runtime.log
[2026-06-02 09:42:42] change detected: C:\Users\Stefano\Desktop\acquedotto attuale\autosave_runtime.log
[2026-06-02 09:42:42] change detected: C:\Users\Stefano\Desktop\acquedotto attuale\autosave_runtime.log
[2026-06-02 09:42:44] change detected: C:\Users\Stefano\Desktop\acquedotto attuale\autosave_runtime.log
[2026-06-02 09:42:44] change detected: C:\Users\Stefano\Desktop\acquedotto attuale\autosave_runtime.log
[2026-06-02 09:42:44] change detected: C:\Users\Stefano\Desktop\acquedotto attuale\autosave_runtime.log
[2026-06-02 09:42:44] change detected: C:\Users\Stefano\Desktop\acquedotto attuale\autosave_runtime.log
[2026-06-02 09:42:46] change detected: C:\Users\Stefano\Desktop\acquedotto attuale\autosave_runtime.log
[2026-06-02 09:42:46] change detected: C:\Users\Stefano\Desktop\acquedotto attuale\autosave_runtime.log
[2026-06-02 09:42:46] change detected: C:\Users\Stefano\Desktop\acquedotto attuale\autosave_runtime.log
[2026-06-02 09:42:46] change detected: C:\Users\Stefano\Desktop\acquedotto attuale\autosave_runtime.log
[2026-06-02 09:42:48] change detected: C:\Users\Stefano\Desktop\acquedotto attuale\autosave_runtime.log
[2026-06-02 09:42:48] change detected: C:\Users\Stefano\Desktop\acquedotto attuale\autosave_runtime.log
[2026-06-02 09:42:48] change detected: C:\Users\Stefano\Desktop\acquedotto attuale\autosave_runtime.log
[2026-06-02 09:42:48] change detected: C:\Users\Stefano\Desktop\acquedotto attuale\autosave_runtime.log
[2026-06-02 09:42:50] change detected: C:\Users\Stefano\Desktop\acquedotto attuale\autosave_runtime.log
[2026-06-02 09:42:50] change detected: C:\Users\Stefano\Desktop\acquedotto attuale\autosave_runtime.log
[2026-06-02 09:42:50] change detected: C:\Users\Stefano\Desktop\acquedotto attuale\autosave_runtime.log
[2026-06-02 09:42:50] change detected: C:\Users\Stefano\Desktop\acquedotto attuale\autosave_runtime.log
[2026-06-02 09:42:52] change detected: C:\Users\Stefano\Desktop\acquedotto attuale\autosave_runtime.log
[2026-06-02 09:42:52] change detected: C:\Users\Stefano\Desktop\acquedotto attuale\autosave_runtime.log
[2026-06-02 09:42:52] change detected: C:\Users\Stefano\Desktop\acquedotto attuale\autosave_runtime.log
[2026-06-02 09:42:52] change detected: C:\Users\Stefano\Desktop\acquedotto attuale\autosave_runtime.log
[2026-06-02 09:42:54] change detected: C:\Users\Stefano\Desktop\acquedotto attuale\autosave_runtime.log
[2026-06-02 09:42:54] change detected: C:\Users\Stefano\Desktop\acquedotto attuale\autosave_runtime.log
[2026-06-02 09:42:54] change detected: C:\Users\Stefano\Desktop\acquedotto attuale\autosave_runtime.log
[2026-06-02 09:42:54] change detected: C:\Users\Stefano\Desktop\acquedotto attuale\autosave_runtime.log
[2026-06-02 09:42:56] change detected: C:\Users\Stefano\Desktop\acquedotto attuale\autosave_runtime.log
[2026-06-02 09:42:56] change detected: C:\Users\Stefano\Desktop\acquedotto attuale\autosave_runtime.log
[2026-06-02 09:42:56] change detected: C:\Users\Stefano\Desktop\acquedotto attuale\autosave_runtime.log
[2026-06-02 09:42:56] change detected: C:\Users\Stefano\Desktop\acquedotto attuale\autosave_runtime.log
[2026-06-02 09:42:58] change detected: C:\Users\Stefano\Desktop\acquedotto attuale\autosave_runtime.log
[2026-06-02 09:42:58] change detected: C:\Users\Stefano\Desktop\acquedotto attuale\autosave_runtime.log
[2026-06-02 09:42:58] change detected: C:\Users\Stefano\Desktop\acquedotto attuale\autosave_runtime.log
[2026-06-02 09:42:58] change detected: C:\Users\Stefano\Desktop\acquedotto attuale\autosave_runtime.log
[2026-06-02 09:43:00] change detected: C:\Users\Stefano\Desktop\acquedotto attuale\autosave_runtime.log
[2026-06-02 09:43:00] change detected: C:\Users\Stefano\Desktop\acquedotto attuale\autosave_runtime.log
[2026-06-02 09:43:00] change detected: C:\Users\Stefano\Desktop\acquedotto attuale\autosave_runtime.log
[2026-06-02 09:43:00] change detected: C:\Users\Stefano\Desktop\acquedotto attuale\autosave_runtime.log
[2026-06-02 09:43:02] change detected: C:\Users\Stefano\Desktop\acquedotto attuale\autosave_runtime.log
[2026-06-02 09:43:02] change detected: C:\Users\Stefano\Desktop\acquedotto attuale\autosave_runtime.log
[2026-06-02 09:43:02] change detected: C:\Users\Stefano\Desktop\acquedotto attuale\autosave_runtime.log
[2026-06-02 09:43:02] change detected: C:\Users\Stefano\Desktop\acquedotto attuale\autosave_runtime.log
[2026-06-02 09:43:04] change detected: C:\Users\Stefano\Desktop\acquedotto attuale\autosave_runtime.log
[2026-06-02 09:43:04] change detected: C:\Users\Stefano\Desktop\acquedotto attuale\autosave_runtime.log
[2026-06-02 09:43:04] change detected: C:\Users\Stefano\Desktop\acquedotto attuale\autosave_runtime.log
[2026-06-02 09:43:04] change detected: C:\Users\Stefano\Desktop\acquedotto attuale\autosave_runtime.log
[2026-06-02 09:43:06] change detected: C:\Users\Stefano\Desktop\acquedotto attuale\autosave_runtime.log
[2026-06-02 09:43:06] change detected: C:\Users\Stefano\Desktop\acquedotto attuale\autosave_runtime.log
[2026-06-02 09:43:06] change detected: C:\Users\Stefano\Desktop\acquedotto attuale\autosave_runtime.log
[2026-06-02 09:43:06] change detected: C:\Users\Stefano\Desktop\acquedotto attuale\autosave_runtime.log
[2026-06-02 09:43:08] change detected: C:\Users\Stefano\Desktop\acquedotto attuale\autosave_runtime.log
[2026-06-02 09:43:08] change detected: C:\Users\Stefano\Desktop\acquedotto attuale\autosave_runtime.log
[2026-06-02 09:43:08] change detected: C:\Users\Stefano\Desktop\acquedotto attuale\autosave_runtime.log
[2026-06-02 09:43:08] change detected: C:\Users\Stefano\Desktop\acquedotto attuale\autosave_runtime.log
[2026-06-02 09:43:10] change detected: C:\Users\Stefano\Desktop\acquedotto attuale\autosave_runtime.log
[2026-06-02 09:43:10] change detected: C:\Users\Stefano\Desktop\acquedotto attuale\autosave_runtime.log
[2026-06-02 09:43:10] change detected: C:\Users\Stefano\Desktop\acquedotto attuale\autosave_runtime.log
[2026-06-02 09:43:10] change detected: C:\Users\Stefano\Desktop\acquedotto attuale\autosave_runtime.log
[2026-06-02 09:43:12] change detected: C:\Users\Stefano\Desktop\acquedotto attuale\autosave_runtime.log
[2026-06-02 09:43:12] change detected: C:\Users\Stefano\Desktop\acquedotto attuale\autosave_test.txt
[2026-06-02 09:43:12] change detected: C:\Users\Stefano\Desktop\acquedotto attuale\autosave_runtime.log
[2026-06-02 09:43:12] change detected: C:\Users\Stefano\Desktop\acquedotto attuale\autosave_runtime.log
[2026-06-02 09:43:14] change detected: C:\Users\Stefano\Desktop\acquedotto attuale\autosave_runtime.log
[2026-06-02 09:43:14] change detected: C:\Users\Stefano\Desktop\acquedotto attuale\autosave_runtime.log
[2026-06-02 09:43:14] change detected: C:\Users\Stefano\Desktop\acquedotto attuale\autosave_runtime.log
[2026-06-02 09:43:14] change detected: C:\Users\Stefano\Desktop\acquedotto attuale\autosave_runtime.log
[2026-06-02 09:43:16] change detected: C:\Users\Stefano\Desktop\acquedotto attuale\autosave_runtime.log
[2026-06-02 09:43:16] change detected: C:\Users\Stefano\Desktop\acquedotto attuale\autosave_runtime.log
[2026-06-02 09:43:16] change detected: C:\Users\Stefano\Desktop\acquedotto attuale\autosave_runtime.log
[2026-06-02 09:43:16] change detected: C:\Users\Stefano\Desktop\acquedotto attuale\autosave_runtime.log
[2026-06-02 09:43:18] change detected: C:\Users\Stefano\Desktop\acquedotto attuale\autosave_runtime.log
[2026-06-02 09:43:18] change detected: C:\Users\Stefano\Desktop\acquedotto attuale\autosave_runtime.log
[2026-06-02 09:43:18] change detected: C:\Users\Stefano\Desktop\acquedotto attuale\autosave_runtime.log
[2026-06-02 09:43:18] change detected: C:\Users\Stefano\Desktop\acquedotto attuale\autosave_runtime.log
[2026-06-02 09:43:20] change detected: C:\Users\Stefano\Desktop\acquedotto attuale\autosave_runtime.log
[2026-06-02 09:43:20] change detected: C:\Users\Stefano\Desktop\acquedotto attuale\autosave_runtime.log
[2026-06-02 09:43:20] change detected: C:\Users\Stefano\Desktop\acquedotto attuale\autosave_runtime.log
[2026-06-02 09:43:20] change detected: C:\Users\Stefano\Desktop\acquedotto attuale\autosave_runtime.log
[2026-06-02 09:43:22] change detected: C:\Users\Stefano\Desktop\acquedotto attuale\autosave_runtime.log
[2026-06-02 09:43:22] change detected: C:\Users\Stefano\Desktop\acquedotto attuale\autosave_runtime.log
[2026-06-02 09:43:22] change detected: C:\Users\Stefano\Desktop\acquedotto attuale\autosave_runtime.log
[2026-06-02 09:43:22] change detected: C:\Users\Stefano\Desktop\acquedotto attuale\autosave_runtime.log
[2026-06-02 09:43:24] change detected: C:\Users\Stefano\Desktop\acquedotto attuale\autosave_runtime.log
[2026-06-02 09:43:24] change detected: C:\Users\Stefano\Desktop\acquedotto attuale\autosave_runtime.log
[2026-06-02 09:43:24] change detected: C:\Users\Stefano\Desktop\acquedotto attuale\autosave_runtime.log
[2026-06-02 09:43:24] change detected: C:\Users\Stefano\Desktop\acquedotto attuale\autosave_runtime.log
[2026-06-02 09:43:26] change detected: C:\Users\Stefano\Desktop\acquedotto attuale\autosave_runtime.log
[2026-06-02 09:43:26] change detected: C:\Users\Stefano\Desktop\acquedotto attuale\autosave_runtime.log
[2026-06-02 09:43:26] change detected: C:\Users\Stefano\Desktop\acquedotto attuale\autosave_runtime.log
[2026-06-02 09:43:26] change detected: C:\Users\Stefano\Desktop\acquedotto attuale\autosave_runtime.log
[2026-06-02 09:43:28] change detected: C:\Users\Stefano\Desktop\acquedotto attuale\autosave_runtime.log
[2026-06-02 09:43:28] change detected: C:\Users\Stefano\Desktop\acquedotto attuale\autosave_runtime.log
[2026-06-02 09:43:28] change detected: C:\Users\Stefano\Desktop\acquedotto attuale\autosave_runtime.log
[2026-06-02 09:43:28] change detected: C:\Users\Stefano\Desktop\acquedotto attuale\autosave_runtime.log
[2026-06-02 09:43:30] change detected: C:\Users\Stefano\Desktop\acquedotto attuale\autosave_runtime.log
[2026-06-02 09:43:30] change detected: C:\Users\Stefano\Desktop\acquedotto attuale\autosave_runtime.log
[2026-06-02 09:43:30] change detected: C:\Users\Stefano\Desktop\acquedotto attuale\autosave_runtime.log
[2026-06-02 09:43:30] change detected: C:\Users\Stefano\Desktop\acquedotto attuale\autosave_runtime.log
[2026-06-02 09:43:32] change detected: C:\Users\Stefano\Desktop\acquedotto attuale\autosave_runtime.log
[2026-06-02 09:43:32] change detected: C:\Users\Stefano\Desktop\acquedotto attuale\autosave_runtime.log
[2026-06-02 09:43:32] change detected: C:\Users\Stefano\Desktop\acquedotto attuale\autosave_runtime.log
[2026-06-02 09:43:32] change detected: C:\Users\Stefano\Desktop\acquedotto attuale\autosave_runtime.log
[2026-06-02 09:43:34] change detected: C:\Users\Stefano\Desktop\acquedotto attuale\autosave_runtime.log
[2026-06-02 09:43:34] change detected: C:\Users\Stefano\Desktop\acquedotto attuale\autosave_runtime.log
[2026-06-02 09:43:34] change detected: C:\Users\Stefano\Desktop\acquedotto attuale\autosave_runtime.log
[2026-06-02 09:43:34] change detected: C:\Users\Stefano\Desktop\acquedotto attuale\autosave_runtime.log
[2026-06-02 09:43:36] change detected: C:\Users\Stefano\Desktop\acquedotto attuale\autosave_runtime.log
[2026-06-02 09:43:36] change detected: C:\Users\Stefano\Desktop\acquedotto attuale\autosave_runtime.log
[2026-06-02 09:43:36] change detected: C:\Users\Stefano\Desktop\acquedotto attuale\autosave_runtime.log
[2026-06-02 09:43:36] change detected: C:\Users\Stefano\Desktop\acquedotto attuale\autosave_runtime.log
[2026-06-02 09:43:38] change detected: C:\Users\Stefano\Desktop\acquedotto attuale\autosave_runtime.log
[2026-06-02 09:43:38] change detected: C:\Users\Stefano\Desktop\acquedotto attuale\autosave_runtime.log
[2026-06-02 09:43:38] change detected: C:\Users\Stefano\Desktop\acquedotto attuale\autosave_runtime.log
[2026-06-02 09:43:38] change detected: C:\Users\Stefano\Desktop\acquedotto attuale\autosave_runtime.log
[2026-06-02 09:43:40] change detected: C:\Users\Stefano\Desktop\acquedotto attuale\autosave_runtime.log
[2026-06-02 09:43:40] change detected: C:\Users\Stefano\Desktop\acquedotto attuale\autosave_runtime.log
[2026-06-02 09:43:40] change detected: C:\Users\Stefano\Desktop\acquedotto attuale\autosave_runtime.log
[2026-06-02 09:43:40] change detected: C:\Users\Stefano\Desktop\acquedotto attuale\autosave_runtime.log
[2026-06-02 09:43:42] change detected: C:\Users\Stefano\Desktop\acquedotto attuale\autosave_runtime.log
[2026-06-02 09:43:42] change detected: C:\Users\Stefano\Desktop\acquedotto attuale\autosave_runtime.log
[2026-06-02 09:43:42] change detected: C:\Users\Stefano\Desktop\acquedotto attuale\autosave_runtime.log
[2026-06-02 09:43:42] change detected: C:\Users\Stefano\Desktop\acquedotto attuale\autosave_runtime.log
[2026-06-02 09:43:44] change detected: C:\Users\Stefano\Desktop\acquedotto attuale\autosave_runtime.log
[2026-06-02 09:43:44] change detected: C:\Users\Stefano\Desktop\acquedotto attuale\autosave_runtime.log
[2026-06-02 09:43:44] change detected: C:\Users\Stefano\Desktop\acquedotto attuale\autosave_runtime.log
[2026-06-02 09:43:44] change detected: C:\Users\Stefano\Desktop\acquedotto attuale\autosave_runtime.log
[2026-06-02 09:43:46] change detected: C:\Users\Stefano\Desktop\acquedotto attuale\autosave_runtime.log
[2026-06-02 09:43:46] change detected: C:\Users\Stefano\Desktop\acquedotto attuale\autosave_runtime.log
[2026-06-02 09:43:46] change detected: C:\Users\Stefano\Desktop\acquedotto attuale\autosave_runtime.log
[2026-06-02 09:43:46] change detected: C:\Users\Stefano\Desktop\acquedotto attuale\autosave_runtime.log
[2026-06-02 09:43:48] change detected: C:\Users\Stefano\Desktop\acquedotto attuale\autosave_runtime.log
[2026-06-02 09:43:48] change detected: C:\Users\Stefano\Desktop\acquedotto attuale\autosave_runtime.log
[2026-06-02 09:43:48] change detected: C:\Users\Stefano\Desktop\acquedotto attuale\autosave_runtime.log
[2026-06-02 09:43:48] change detected: C:\Users\Stefano\Desktop\acquedotto attuale\autosave_runtime.log
[2026-06-02 09:43:50] change detected: C:\Users\Stefano\Desktop\acquedotto attuale\autosave_runtime.log
[2026-06-02 09:43:50] change detected: C:\Users\Stefano\Desktop\acquedotto attuale\autosave_runtime.log
[2026-06-02 09:43:50] change detected: C:\Users\Stefano\Desktop\acquedotto attuale\autosave_runtime.log
[2026-06-02 09:43:50] change detected: C:\Users\Stefano\Desktop\acquedotto attuale\autosave_runtime.log
[2026-06-02 09:43:53] change detected: C:\Users\Stefano\Desktop\acquedotto attuale\autosave_runtime.log
[2026-06-02 09:43:53] change detected: C:\Users\Stefano\Desktop\acquedotto attuale\autosave_runtime.log
[2026-06-02 09:43:53] change detected: C:\Users\Stefano\Desktop\acquedotto attuale\autosave_runtime.log
[2026-06-02 09:43:53] change detected: C:\Users\Stefano\Desktop\acquedotto attuale\autosave_runtime.log
[2026-06-02 09:43:55] change detected: C:\Users\Stefano\Desktop\acquedotto attuale\autosave_runtime.log
[2026-06-02 09:43:55] change detected: C:\Users\Stefano\Desktop\acquedotto attuale\autosave_runtime.log
[2026-06-02 09:43:55] change detected: C:\Users\Stefano\Desktop\acquedotto attuale\autosave_runtime.log
[2026-06-02 09:43:55] change detected: C:\Users\Stefano\Desktop\acquedotto attuale\autosave_runtime.log
[2026-06-02 09:43:57] change detected: C:\Users\Stefano\Desktop\acquedotto attuale\autosave_runtime.log
[2026-06-02 09:43:57] change detected: C:\Users\Stefano\Desktop\acquedotto attuale\autosave_runtime.log
[2026-06-02 09:43:57] change detected: C:\Users\Stefano\Desktop\acquedotto attuale\autosave_runtime.log
[2026-06-02 09:43:57] change detected: C:\Users\Stefano\Desktop\acquedotto attuale\autosave_runtime.log
[2026-06-02 09:43:59] change detected: C:\Users\Stefano\Desktop\acquedotto attuale\autosave_runtime.log
[2026-06-02 09:43:59] change detected: C:\Users\Stefano\Desktop\acquedotto attuale\autosave_runtime.log
[2026-06-02 09:43:59] change detected: C:\Users\Stefano\Desktop\acquedotto attuale\autosave_runtime.log
[2026-06-02 09:43:59] change detected: C:\Users\Stefano\Desktop\acquedotto attuale\autosave_runtime.log
[2026-06-02 09:44:01] change detected: C:\Users\Stefano\Desktop\acquedotto attuale\autosave_runtime.log
[2026-06-02 09:44:01] change detected: C:\Users\Stefano\Desktop\acquedotto attuale\autosave_runtime.log
[2026-06-02 09:44:01] change detected: C:\Users\Stefano\Desktop\acquedotto attuale\autosave_runtime.log
[2026-06-02 09:44:01] change detected: C:\Users\Stefano\Desktop\acquedotto attuale\autosave_runtime.log
[2026-06-02 09:44:03] change detected: C:\Users\Stefano\Desktop\acquedotto attuale\autosave_runtime.log
[2026-06-02 09:44:03] change detected: C:\Users\Stefano\Desktop\acquedotto attuale\autosave_runtime.log
[2026-06-02 09:44:03] change detected: C:\Users\Stefano\Desktop\acquedotto attuale\.git
[2026-06-02 09:44:05] change detected: C:\Users\Stefano\Desktop\acquedotto attuale\autosave_runtime.log
[2026-06-02 09:44:05] change detected: C:\Users\Stefano\Desktop\acquedotto attuale\autosave_runtime.log
[2026-06-02 09:44:05] change detected: C:\Users\Stefano\Desktop\acquedotto attuale\autosave_runtime.log
[2026-06-02 09:44:07] change detected: C:\Users\Stefano\Desktop\acquedotto attuale\autosave_runtime.log
[2026-06-02 09:44:07] change detected: C:\Users\Stefano\Desktop\acquedotto attuale\autosave_runtime.log
[2026-06-02 09:44:07] change detected: C:\Users\Stefano\Desktop\acquedotto attuale\autosave_runtime.log
[2026-06-02 09:44:07] change detected: C:\Users\Stefano\Desktop\acquedotto attuale\autosave_runtime.log
[2026-06-02 09:44:09] change detected: C:\Users\Stefano\Desktop\acquedotto attuale\autosave_runtime.log
[2026-06-02 09:44:09] change detected: C:\Users\Stefano\Desktop\acquedotto attuale\autosave_runtime.log
[2026-06-02 09:44:09] change detected: C:\Users\Stefano\Desktop\acquedotto attuale\autosave_runtime.log
[2026-06-02 09:44:09] change detected: C:\Users\Stefano\Desktop\acquedotto attuale\autosave_runtime.log
[2026-06-02 09:44:11] change detected: C:\Users\Stefano\Desktop\acquedotto attuale\autosave_runtime.log
[2026-06-02 09:44:11] change detected: C:\Users\Stefano\Desktop\acquedotto attuale\autosave_runtime.log
[2026-06-02 09:44:11] change detected: C:\Users\Stefano\Desktop\acquedotto attuale\autosave_runtime.log
[2026-06-02 09:44:11] change detected: C:\Users\Stefano\Desktop\acquedotto attuale\autosave_runtime.log
[2026-06-02 09:44:13] change detected: C:\Users\Stefano\Desktop\acquedotto attuale\autosave_runtime.log
[2026-06-02 09:44:13] change detected: C:\Users\Stefano\Desktop\acquedotto attuale\autosave_runtime.log
[2026-06-02 09:44:13] change detected: C:\Users\Stefano\Desktop\acquedotto attuale\autosave_runtime.log
[2026-06-02 09:44:13] change detected: C:\Users\Stefano\Desktop\acquedotto attuale\autosave_runtime.log
[2026-06-02 09:44:15] change detected: C:\Users\Stefano\Desktop\acquedotto attuale\autosave_runtime.log
[2026-06-02 09:44:15] change detected: C:\Users\Stefano\Desktop\acquedotto attuale\autosave_runtime.log
[2026-06-02 09:44:15] change detected: C:\Users\Stefano\Desktop\acquedotto attuale\autosave_runtime.log
[2026-06-02 09:44:15] change detected: C:\Users\Stefano\Desktop\acquedotto attuale\autosave_runtime.log
[2026-06-02 09:44:17] change detected: C:\Users\Stefano\Desktop\acquedotto attuale\autosave_runtime.log
[2026-06-02 09:44:17] change detected: C:\Users\Stefano\Desktop\acquedotto attuale\autosave_runtime.log
[2026-06-02 09:44:17] change detected: C:\Users\Stefano\Desktop\acquedotto attuale\autosave_runtime.log
[2026-06-02 09:44:17] change detected: C:\Users\Stefano\Desktop\acquedotto attuale\autosave_runtime.log
[2026-06-02 09:44:19] change detected: C:\Users\Stefano\Desktop\acquedotto attuale\autosave_runtime.log
[2026-06-02 09:44:19] change detected: C:\Users\Stefano\Desktop\acquedotto attuale\autosave_runtime.log
[2026-06-02 09:44:19] change detected: C:\Users\Stefano\Desktop\acquedotto attuale\autosave_runtime.log
[2026-06-02 09:44:19] change detected: C:\Users\Stefano\Desktop\acquedotto attuale\autosave_runtime.log
[2026-06-02 09:44:21] change detected: C:\Users\Stefano\Desktop\acquedotto attuale\autosave_runtime.log
[2026-06-02 09:44:21] change detected: C:\Users\Stefano\Desktop\acquedotto attuale\autosave_runtime.log
[2026-06-02 09:44:21] change detected: C:\Users\Stefano\Desktop\acquedotto attuale\autosave_runtime.log
[2026-06-02 09:44:21] change detected: C:\Users\Stefano\Desktop\acquedotto attuale\autosave_runtime.log
[2026-06-02 09:44:23] change detected: C:\Users\Stefano\Desktop\acquedotto attuale\autosave_runtime.log
[2026-06-02 09:44:23] change detected: C:\Users\Stefano\Desktop\acquedotto attuale\autosave_runtime.log
[2026-06-02 09:44:23] change detected: C:\Users\Stefano\Desktop\acquedotto attuale\autosave_runtime.log
[2026-06-02 09:44:23] change detected: C:\Users\Stefano\Desktop\acquedotto attuale\autosave_runtime.log
[2026-06-02 09:44:25] change detected: C:\Users\Stefano\Desktop\acquedotto attuale\autosave_runtime.log
[2026-06-02 09:44:25] change detected: C:\Users\Stefano\Desktop\acquedotto attuale\autosave_runtime.log
[2026-06-02 09:44:25] change detected: C:\Users\Stefano\Desktop\acquedotto attuale\autosave_runtime.log
[2026-06-02 09:44:25] change detected: C:\Users\Stefano\Desktop\acquedotto attuale\autosave_runtime.log
[2026-06-02 09:44:27] change detected: C:\Users\Stefano\Desktop\acquedotto attuale\autosave_runtime.log
[2026-06-02 09:44:27] change detected: C:\Users\Stefano\Desktop\acquedotto attuale\autosave_runtime.log
[2026-06-02 09:44:27] change detected: C:\Users\Stefano\Desktop\acquedotto attuale\autosave_runtime.log
[2026-06-02 09:44:29] change detected: C:\Users\Stefano\Desktop\acquedotto attuale\autosave_runtime.log
[2026-06-02 09:44:29] change detected: C:\Users\Stefano\Desktop\acquedotto attuale\autosave_runtime.log
[2026-06-02 09:44:31] change detected: C:\Users\Stefano\Desktop\acquedotto attuale\autosave_runtime.log
[2026-06-02 09:44:31] change detected: C:\Users\Stefano\Desktop\acquedotto attuale\autosave_runtime.log
[2026-06-02 09:44:31] change detected: C:\Users\Stefano\Desktop\acquedotto attuale\autosave_runtime.log
[2026-06-02 09:44:31] change detected: C:\Users\Stefano\Desktop\acquedotto attuale\autosave_runtime.log
[2026-06-02 09:44:33] change detected: C:\Users\Stefano\Desktop\acquedotto attuale\autosave_runtime.log
[2026-06-02 09:44:33] change detected: C:\Users\Stefano\Desktop\acquedotto attuale\autosave_runtime.log
[2026-06-02 09:44:33] change detected: C:\Users\Stefano\Desktop\acquedotto attuale\autosave_runtime.log
[2026-06-02 09:44:33] change detected: C:\Users\Stefano\Desktop\acquedotto attuale\.git
[2026-06-02 09:44:35] watcher started
[2026-06-02 09:46:47] autosave poller started
[2026-06-02 09:47:07] push ok: Auto backup 02/06/2026 09:47:02
[2026-06-02 09:47:26] push ok: Auto backup 02/06/2026 09:47:23
[2026-06-02 09:47:44] push ok: Auto backup 02/06/2026 09:47:41
[2026-06-02 09:48:03] push ok: Auto backup 02/06/2026 09:48:00
[2026-06-02 09:48:21] push ok: Auto backup 02/06/2026 09:48:18
